<?xml version="1.0" encoding="UTF-8" ?>
<testsuite failures="0" time="0.068" errors="0" skipped="0" tests="16" name="com.dafiti.RunTest">
  <properties>
[...]
</properties>
  <testcase time="0.002" classname="Scenario: Product Creation" name="Given that i am at &quot;http://bob.aws.dafitierp.com.br/&quot; url"/>
  <testcase time="0" classname="Scenario: Product Creation" name="And i wait for &quot;Page&quot; page to load"/>
  <testcase time="0" classname="Scenario: Product Creation" name="When i fill field &quot;username&quot; with value &quot;admin&quot; in &quot;Bob - Login&quot; page"/>
  <testcase time="0" classname="Scenario: Product Creation" name="And i fill field &quot;password&quot; with value &quot;rock4me&quot; in &quot;Bob - Login&quot; page"/>
  <testcase time="0" classname="Scenario: Product Creation" name="And i click on button &quot;login&quot; in &quot;Bob - Login&quot; page"/>
  <testcase time="0" classname="Scenario: Product Creation" name="And i wait for &quot;Page&quot; page to load"/>
  <testcase time="0" classname="Scenario: Product Creation" name="And i will see &quot;Home&quot; page"/>
  <testcase time="0" classname="Scenario: Product Creation" name="And i mouseover on &quot;Catalog&quot; menu, click on &quot;Product import&quot; option in &quot;Bob Dafiti&quot; page"/>
  <testcase time="0" classname="Scenario: Product Creation" name="And i wait for &quot;Product import&quot; page to load"/>
  <testcase time="0" classname="Scenario: Product Creation" name="And i click on &quot;Attribute Set&quot; icon on &quot;Product import&quot; page"/>
  <testcase time="0" classname="Scenario: Product Creation" name="And i select &quot;Accessories&quot; option in &quot;Product import&quot; page"/>
  <testcase time="0" classname="Scenario: Product Creation" name="And i upload file &quot;product_0203.csv&quot; on &quot;/home/documents/&quot; path"/>
  <testcase time="0" classname="Scenario: Product Creation" name="And i click on button &quot;Upload file&quot; in &quot;Product import&quot; page"/>
  <testcase time="0" classname="Scenario: Product Creation" name="And i wait for &quot;Product import&quot; page to load"/>
  <testcase time="0" classname="Scenario: Product Creation" name="And i click on button &quot;OK&quot; in &quot;Product import&quot; page"/>
  <testcase time="0.066" classname="Scenario: Product Creation" name="Scenario: Product Creation"/>
</testsuite>